# JRE version: OpenJDK Runtime Environment (21.0.5) (build 21.0.5+-12932927-b750.29)
# Java VM: OpenJDK 64-Bit Server VM (21.0.5+-12932927-b750.29, mixed mode, tiered, compressed oops, compressed class ptrs, g1 gc, windows-amd64)
GC Precious Log:
 CardTable entry size: 512
 Card Set container configuration: InlinePtr #cards 4 size 8 Array Of Cards #cards 32 size 80 Howl #buckets 8 coarsen threshold 7372 Howl Bitmap #cards 1024 size 144 coarsen threshold 921 Card regions per heap region 1 cards per card region 8192
 CPUs: 12 total, 12 available
 Memory: 16233M
 Large Page Support: Disabled
 NUMA Support: Disabled
 Compressed Oops: Enabled (Zero based)
 Heap Region Size: 4M
 Heap Min Capacity: 8M
 Heap Initial Capacity: 256M
 Heap Max Capacity: 8G
 Pre-touch: Disabled
 Parallel Workers: 10
 Concurrent Workers: 3
 Concurrent Refinement Workers: 10
 Periodic GC: Disabled
Heap:
 garbage-first heap   total 303104K, used 256022K [0x0000000600000000, 0x0000000800000000)
  region size 4096K, 19 young (77824K), 2 survivors (8192K)
 Metaspace       used 126153K, committed 128704K, reserved 1179648K
  class space    used 17252K, committed 18496K, reserved 1048576K
GC Heap History (20 events):
Event: 43.799 GC heap before
{Heap before GC invocations=44 (full 0):
 garbage-first heap   total 192512K, used 171686K [0x0000000600000000, 0x0000000800000000)
  region size 4096K, 15 young (61440K), 2 survivors (8192K)
 Metaspace       used 99675K, committed 101824K, reserved 1179648K
  class space    used 13460K, committed 14528K, reserved 1048576K
}
Event: 43.813 GC heap after
{Heap after GC invocations=45 (full 0):
 garbage-first heap   total 192512K, used 122218K [0x0000000600000000, 0x0000000800000000)
  region size 4096K, 2 young (8192K), 2 survivors (8192K)
 Metaspace       used 99675K, committed 101824K, reserved 1179648K
  class space    used 13460K, committed 14528K, reserved 1048576K
}
Event: 44.025 GC heap before
{Heap before GC invocations=45 (full 0):
 garbage-first heap   total 192512K, used 163178K [0x0000000600000000, 0x0000000800000000)
  region size 4096K, 13 young (53248K), 2 survivors (8192K)
 Metaspace       used 99693K, committed 101824K, reserved 1179648K
  class space    used 13461K, committed 14528K, reserved 1048576K
}
Event: 44.033 GC heap after
{Heap after GC invocations=46 (full 0):
 garbage-first heap   total 192512K, used 123572K [0x0000000600000000, 0x0000000800000000)
  region size 4096K, 2 young (8192K), 2 survivors (8192K)
 Metaspace       used 99693K, committed 101824K, reserved 1179648K
  class space    used 13461K, committed 14528K, reserved 1048576K
}
Event: 44.295 GC heap before
{Heap before GC invocations=47 (full 0):
 garbage-first heap   total 212992K, used 160436K [0x0000000600000000, 0x0000000800000000)
  region size 4096K, 12 young (49152K), 2 survivors (8192K)
 Metaspace       used 99693K, committed 101824K, reserved 1179648K
  class space    used 13461K, committed 14528K, reserved 1048576K
}
Event: 44.302 GC heap after
{Heap after GC invocations=48 (full 0):
 garbage-first heap   total 212992K, used 125080K [0x0000000600000000, 0x0000000800000000)
  region size 4096K, 1 young (4096K), 1 survivors (4096K)
 Metaspace       used 99693K, committed 101824K, reserved 1179648K
  class space    used 13461K, committed 14528K, reserved 1048576K
}
Event: 45.250 GC heap before
{Heap before GC invocations=48 (full 0):
 garbage-first heap   total 212992K, used 190616K [0x0000000600000000, 0x0000000800000000)
  region size 4096K, 17 young (69632K), 1 survivors (4096K)
 Metaspace       used 101665K, committed 103808K, reserved 1179648K
  class space    used 13736K, committed 14784K, reserved 1048576K
}
Event: 45.260 GC heap after
{Heap after GC invocations=49 (full 0):
 garbage-first heap   total 217088K, used 140053K [0x0000000600000000, 0x0000000800000000)
  region size 4096K, 3 young (12288K), 3 survivors (12288K)
 Metaspace       used 101665K, committed 103808K, reserved 1179648K
  class space    used 13736K, committed 14784K, reserved 1048576K
}
Event: 45.958 GC heap before
{Heap before GC invocations=49 (full 0):
 garbage-first heap   total 217088K, used 185109K [0x0000000600000000, 0x0000000800000000)
  region size 4096K, 14 young (57344K), 3 survivors (12288K)
 Metaspace       used 104838K, committed 106944K, reserved 1179648K
  class space    used 14175K, committed 15232K, reserved 1048576K
}
Event: 45.966 GC heap after
{Heap after GC invocations=50 (full 0):
 garbage-first heap   total 303104K, used 143808K [0x0000000600000000, 0x0000000800000000)
  region size 4096K, 1 young (4096K), 1 survivors (4096K)
 Metaspace       used 104838K, committed 106944K, reserved 1179648K
  class space    used 14175K, committed 15232K, reserved 1048576K
}
Event: 48.084 GC heap before
{Heap before GC invocations=51 (full 0):
 garbage-first heap   total 303104K, used 270784K [0x0000000600000000, 0x0000000800000000)
  region size 4096K, 32 young (131072K), 1 survivors (4096K)
 Metaspace       used 113176K, committed 115456K, reserved 1179648K
  class space    used 15444K, committed 16576K, reserved 1048576K
}
Event: 48.093 GC heap after
{Heap after GC invocations=52 (full 0):
 garbage-first heap   total 303104K, used 149866K [0x0000000600000000, 0x0000000800000000)
  region size 4096K, 2 young (8192K), 2 survivors (8192K)
 Metaspace       used 113176K, committed 115456K, reserved 1179648K
  class space    used 15444K, committed 16576K, reserved 1048576K
}
Event: 49.041 GC heap before
{Heap before GC invocations=52 (full 0):
 garbage-first heap   total 303104K, used 268650K [0x0000000600000000, 0x0000000800000000)
  region size 4096K, 32 young (131072K), 2 survivors (8192K)
 Metaspace       used 114836K, committed 117184K, reserved 1179648K
  class space    used 15669K, committed 16832K, reserved 1048576K
}
Event: 49.059 GC heap after
{Heap after GC invocations=53 (full 0):
 garbage-first heap   total 303104K, used 156471K [0x0000000600000000, 0x0000000800000000)
  region size 4096K, 4 young (16384K), 4 survivors (16384K)
 Metaspace       used 114836K, committed 117184K, reserved 1179648K
  class space    used 15669K, committed 16832K, reserved 1048576K
}
Event: 51.875 GC heap before
{Heap before GC invocations=53 (full 0):
 garbage-first heap   total 303104K, used 262967K [0x0000000600000000, 0x0000000800000000)
  region size 4096K, 30 young (122880K), 4 survivors (16384K)
 Metaspace       used 117166K, committed 119616K, reserved 1179648K
  class space    used 16015K, committed 17216K, reserved 1048576K
}
Event: 51.905 GC heap after
{Heap after GC invocations=54 (full 0):
 garbage-first heap   total 303104K, used 173812K [0x0000000600000000, 0x0000000800000000)
  region size 4096K, 4 young (16384K), 4 survivors (16384K)
 Metaspace       used 117166K, committed 119616K, reserved 1179648K
  class space    used 16015K, committed 17216K, reserved 1048576K
}
Event: 53.184 GC heap before
{Heap before GC invocations=55 (full 0):
 garbage-first heap   total 303104K, used 259828K [0x0000000600000000, 0x0000000800000000)
  region size 4096K, 26 young (106496K), 4 survivors (16384K)
 Metaspace       used 117380K, committed 119808K, reserved 1179648K
  class space    used 16053K, committed 17216K, reserved 1048576K
}
Event: 53.206 GC heap after
{Heap after GC invocations=56 (full 0):
 garbage-first heap   total 303104K, used 185230K [0x0000000600000000, 0x0000000800000000)
  region size 4096K, 3 young (12288K), 3 survivors (12288K)
 Metaspace       used 117380K, committed 119808K, reserved 1179648K
  class space    used 16053K, committed 17216K, reserved 1048576K
}
Event: 56.154 GC heap before
{Heap before GC invocations=56 (full 0):
 garbage-first heap   total 303104K, used 267150K [0x0000000600000000, 0x0000000800000000)
  region size 4096K, 23 young (94208K), 3 survivors (12288K)
 Metaspace       used 123697K, committed 126208K, reserved 1179648K
  class space    used 16939K, committed 18176K, reserved 1048576K
}
Event: 56.167 GC heap after
{Heap after GC invocations=57 (full 0):
 garbage-first heap   total 303104K, used 190486K [0x0000000600000000, 0x0000000800000000)
  region size 4096K, 2 young (8192K), 2 survivors (8192K)
 Metaspace       used 123697K, committed 126208K, reserved 1179648K
  class space    used 16939K, committed 18176K, reserved 1048576K
}

